<?xml version="1.0" encoding="UTF-8"?>
<testng-results ignored="0" total="1" passed="1" failed="0" skipped="0">
  <reporter-output>
  </reporter-output>
  <suite started-at="2023-12-07T17:11:51 IST" name="Suite" finished-at="2023-12-07T17:12:03 IST" duration-ms="11976">
    <groups>
      <group name="master">
        <method signature="TC_004_SearchProductTest.verify_pruductSearch()[pri:0, instance:testCases.TC_004_SearchProductTest@74235045]" name="verify_pruductSearch" class="testCases.TC_004_SearchProductTest"/>
      </group> <!-- master -->
    </groups>
    <test started-at="2023-12-07T17:11:51 IST" name="Test" finished-at="2023-12-07T17:12:03 IST" duration-ms="11976">
      <class name="testCases.TC_004_SearchProductTest">
        <test-method is-config="true" signature="setup(java.lang.String,java.lang.String)[pri:0, instance:testCases.TC_004_SearchProductTest@74235045]" started-at="2023-12-07T17:11:51 IST" name="setup" finished-at="2023-12-07T17:11:56 IST" duration-ms="5169" status="PASS">
          <params>
            <param index="0">
              <value>
                <![CDATA[Windows]]>
              </value>
            </param>
            <param index="1">
              <value>
                <![CDATA[chrome]]>
              </value>
            </param>
          </params>
          <reporter-output>
          </reporter-output>
        </test-method> <!-- setup -->
        <test-method signature="verify_pruductSearch()[pri:0, instance:testCases.TC_004_SearchProductTest@74235045]" started-at="2023-12-07T17:11:56 IST" name="verify_pruductSearch" finished-at="2023-12-07T17:12:02 IST" duration-ms="5860" status="PASS">
          <reporter-output>
          </reporter-output>
        </test-method> <!-- verify_pruductSearch -->
        <test-method is-config="true" signature="tearDown()[pri:0, instance:testCases.TC_004_SearchProductTest@74235045]" started-at="2023-12-07T17:12:02 IST" name="tearDown" finished-at="2023-12-07T17:12:03 IST" duration-ms="516" status="PASS">
          <reporter-output>
          </reporter-output>
        </test-method> <!-- tearDown -->
      </class> <!-- testCases.TC_004_SearchProductTest -->
    </test> <!-- Test -->
  </suite> <!-- Suite -->
</testng-results>
